

LES - Laboratório de Engenharia de Software DI/PUC-Rio
      Arcabouço de teste de módulos C  (c) 2006

---------------------------------------------
      Construto sob teste: PROGMOD.exe

      Arquivo de teste:    TestaPilha.script


!!!    0  Linha:     1  // Script:    			TestaPilha.script 
!!!    0  Linha:     2  // Autor:     			Guilherme Dantas 
!!!    0  Linha:     3  // Versionamento:		0.1	06/10/2018	criar e destruir pilha 
!!!    0  Linha:     4  //				0.1.1 	07/10/2018	destruir pilha retorna cond. ret. 
!!!    0  Linha:     5  //				0.1.2	07/10/2018	empilhar 
!!!    0  Linha:     6  //				0.1.3	08/10/2018	desempilhar 
!!!    0  Linha:     7  // Propósito: 			Testa a integridade das funções de acesso 
!!!    0  Linha:     8  //            			do módulo Pilha para com sua estrutura de dados, 
!!!    0  Linha:     9  //            			baseando-se no modelo arquitetado. 
!!!    0  Linha:    10  // 
   12  == Declarar as condicoes de retorno
   20  == Declarar valor nulo
   24  == Destruir pilha inexistente
   27  == Criar pilha
   30  == Destruir pilha existente sem elemento
   33  == Criar e destruir 10 pilhas
   55  == Criar pilha em cima de outra já existente
   60  == Empilhar em pilha inexistente
   63  == Empilhar em pilha existente
   67  == Destruir pilha com elemento
   70  == Empilhar valor nulo em pilha existente
   75  == Empilhar valores iguais na mesma pilha
   84  == Desempilhar de uma pilha inexistente
   87  == Desempilhar de uma pilha vazia
   92  == Desempilhar de pilha não-vazia
   98  == Testar valor nulo não foi empilhado

!!! Número de linhas lidas:         102
!!! Número de casos de teste:        16
!!! Número comandos corretos:        60
!!! Número de falhas encontradas:     0

!!! Não foram encontrados problemas


!!! Numero de espacos ainda alocados: 0