

LES - Laboratório de Engenharia de Software DI/PUC-Rio
      Arcabouço de teste de módulos C  (c) 2006

---------------------------------------------
      Construto sob teste: TRAB3-2.exe

      Arquivo de teste:    TestaPilha.script


!!!    0  Linha:     1  // Script:    			TestaPilha.script 
!!!    0  Linha:     2  // Autor:     			Guilherme Dantas 
!!!    0  Linha:     3  // Versionamento:		0.1	06/10/2018	criar e destruir pilha 
!!!    0  Linha:     4  //				0.2 	07/10/2018	destruir pilha retorna cond. ret. 
!!!    0  Linha:     5  //				0.3	07/10/2018	empilhar 
!!!    0  Linha:     6  //				0.4	08/10/2018	desempilhar 
!!!    0  Linha:     7  //				0.5	08/10/2018	pilhavazia 
!!!    0  Linha:     8  //				0.6	12/10/2018	copiarpilha 
!!!    0  Linha:     9  //				0.7	04/11/2018	esvaziarpilha 
!!!    0  Linha:    10  // Propósito: 			Testa a integridade das funções de acesso 
!!!    0  Linha:    11  //            			do módulo Pilha para com sua estrutura de dados, 
!!!    0  Linha:    12  //            			baseando-se no modelo arquitetado. 
!!!    0  Linha:    13  // 
   15  == Declarar as condicoes de retorno
   23  == Declarar valor nulo e com erro
   27  == Destruir pilha inexistente
   30  == Criar pilha
   33  == Destruir pilha existente sem elemento
   36  == Criar e destruir 10 pilhas
   44  == Criar pilha em cima de outra já existente
   49  == Empilhar em pilha inexistente
   52  == Empilhar em pilha existente
   56  == Destruir pilha com elemento
   59  == Empilhar valor nulo em pilha existente
   64  == Empilhar valores iguais na mesma pilha
   73  == Desempilhar de uma pilha inexistente
   76  == Desempilhar de uma pilha vazia
   81  == Desempilhar de pilha não-vazia
   87  == Testar valor nulo não foi empilhado
   93  == Testar se pilha inexistente está vazia
   96  == Testar se pilha vazia é vazia
  101  == Testar se pilha não-vazia é vazia
  107  == Testar copiar pilha inexistente
  110  == Copiar pilha vazia e verificar se ambas são vazia
  118  == Copiar pilha com um elemento e verificar ambas
  129  == Copiar pilha em pilha já existente e com outros elementos
  143  == Testar copiar pilha em si mesma
  151  == Copiar pilha vazia em si mesma
  157  == Testar copiar pilha inexistente em si mesma
  160  == Testar esvaziar pilha inexistente
  163  == Esvaziar pilha vazia
  171  == Esvaziar pilha com elementos

!!! Número de linhas lidas:         187
!!! Número de casos de teste:        29
!!! Número comandos corretos:       116
!!! Número de falhas encontradas:     0

!!! Não foram encontrados problemas


!!! Numero de espacos ainda alocados: 0